TN:
SF:src\main.ts
FN:49,(anonymous_1)
FN:54,(anonymous_2)
FN:57,(anonymous_3)
FN:67,(anonymous_4)
FNF:4
FNH:2
FNDA:1,(anonymous_1)
FNDA:2,(anonymous_2)
FNDA:0,(anonymous_3)
FNDA:0,(anonymous_4)
DA:1,1
DA:2,1
DA:3,1
DA:4,1
DA:5,1
DA:6,1
DA:7,1
DA:9,1
DA:11,1
DA:12,1
DA:15,1
DA:16,1
DA:17,1
DA:20,1
DA:24,1
DA:27,1
DA:46,1
DA:49,1
DA:50,1
DA:53,1
DA:54,2
DA:57,1
DA:58,0
DA:59,0
DA:66,1
DA:67,0
DA:68,0
DA:72,1
LF:28
LH:24
BRDA:12,0,0,1
BRDA:12,0,1,1
BRDA:59,1,0,0
BRDA:59,1,1,0
BRDA:60,2,0,0
BRDA:60,2,1,0
BRDA:61,3,0,0
BRDA:61,3,1,0
BRDA:66,4,0,0
BRDA:66,4,1,1
BRF:10
BRH:3
end_of_record
TN:
SF:src\controllers\auth.controller.ts
FN:7,(anonymous_0)
FN:11,(anonymous_1)
FNF:2
FNH:2
FNDA:1,(anonymous_0)
FNDA:2,(anonymous_1)
DA:2,1
DA:4,1
DA:8,1
DA:12,2
DA:14,2
DA:15,1
DA:16,1
DA:19,1
DA:20,1
DA:21,1
DA:22,1
DA:24,0
DA:27,0
LF:13
LH:11
BRDA:14,0,0,1
BRDA:14,0,1,1
BRDA:14,1,0,2
BRDA:14,1,1,1
BRDA:21,2,0,1
BRDA:21,2,1,0
BRF:6
BRH:5
end_of_record
TN:
SF:src\services\auth.service.ts
FN:7,(anonymous_1)
FNF:1
FNH:1
FNDA:1,(anonymous_1)
DA:1,1
DA:2,1
DA:4,1
DA:5,1
DA:9,1
DA:11,1
DA:12,1
DA:13,1
DA:16,0
LF:9
LH:8
BRDA:5,0,0,1
BRDA:5,0,1,1
BRDA:11,1,0,1
BRDA:11,1,1,0
BRDA:11,2,0,1
BRDA:11,2,1,1
BRF:6
BRH:5
end_of_record
